{"/Users/mathewuy/Programming/ProgramProjects/Node_2023/Node_Interview/config/test.ts": {"path":"/Users/mathewuy/Programming/ProgramProjects/Node_2023/Node_Interview/config/test.ts","statementMap":{"0":{"start":{"line":1,"column":0},"end":{"line":11,"column":2}}},"fnMap":{},"branchMap":{},"s":{"0":1},"f":{},"b":{}}
,"/Users/mathewuy/Programming/ProgramProjects/Node_2023/Node_Interview/src/routesDocs.ts": {"path":"/Users/mathewuy/Programming/ProgramProjects/Node_2023/Node_Interview/src/routesDocs.ts","statementMap":{"0":{"start":{"line":2,"column":0},"end":{"line":2,"column":55}},"1":{"start":{"line":3,"column":0},"end":{"line":3,"column":52}},"2":{"start":{"line":4,"column":0},"end":{"line":4,"column":46}},"3":{"start":{"line":27,"column":2},"end":{"line":27,"column":80}},"4":{"start":{"line":27,"column":59},"end":{"line":27,"column":79}},"5":{"start":{"line":29,"column":2},"end":{"line":29,"column":30}},"6":{"start":{"line":31,"column":2},"end":{"line":31,"column":19}},"7":{"start":{"line":32,"column":2},"end":{"line":32,"column":33}},"8":{"start":{"line":35,"column":0},"end":{"line":35,"column":26}}},"fnMap":{"0":{"name":"routesDocs","decl":{"start":{"line":6,"column":9},"end":{"line":6,"column":19}},"loc":{"start":{"line":6,"column":32},"end":{"line":33,"column":1}}},"1":{"name":"(anonymous_2)","decl":{"start":{"line":27,"column":26},"end":{"line":27,"column":27}},"loc":{"start":{"line":27,"column":54},"end":{"line":27,"column":62}}}},"branchMap":{},"s":{"0":1,"1":1,"2":1,"3":1,"4":0,"5":1,"6":1,"7":1,"8":1},"f":{"0":1,"1":0},"b":{}}
,"/Users/mathewuy/Programming/ProgramProjects/Node_2023/Node_Interview/src/server.ts": {"path":"/Users/mathewuy/Programming/ProgramProjects/Node_2023/Node_Interview/src/server.ts","statementMap":{"0":{"start":{"line":1,"column":0},"end":{"line":1,"column":30}},"1":{"start":{"line":2,"column":0},"end":{"line":2,"column":38}},"2":{"start":{"line":3,"column":0},"end":{"line":3,"column":59}},"3":{"start":{"line":6,"column":14},"end":{"line":6,"column":23}},"4":{"start":{"line":7,"column":2},"end":{"line":7,"column":26}},"5":{"start":{"line":9,"column":2},"end":{"line":9,"column":27}},"6":{"start":{"line":10,"column":2},"end":{"line":10,"column":18}},"7":{"start":{"line":12,"column":2},"end":{"line":12,"column":13}},"8":{"start":{"line":15,"column":0},"end":{"line":15,"column":22}}},"fnMap":{"0":{"name":"server","decl":{"start":{"line":5,"column":9},"end":{"line":5,"column":15}},"loc":{"start":{"line":5,"column":15},"end":{"line":13,"column":1}}}},"branchMap":{},"s":{"0":1,"1":1,"2":1,"3":1,"4":1,"5":1,"6":1,"7":1,"8":1},"f":{"0":1},"b":{}}
,"/Users/mathewuy/Programming/ProgramProjects/Node_2023/Node_Interview/src/controller/session.controller.ts": {"path":"/Users/mathewuy/Programming/ProgramProjects/Node_2023/Node_Interview/src/controller/session.controller.ts","statementMap":{"0":{"start":{"line":2,"column":0},"end":{"line":2,"column":28}},"1":{"start":{"line":3,"column":0},"end":{"line":3,"column":null}},"2":{"start":{"line":8,"column":0},"end":{"line":8,"column":59}},"3":{"start":{"line":9,"column":0},"end":{"line":9,"column":45}},"4":{"start":{"line":13,"column":15},"end":{"line":13,"column":null}},"5":{"start":{"line":13,"column":8},"end":{"line":13,"column":null}},"6":{"start":{"line":15,"column":2},"end":{"line":17,"column":null}},"7":{"start":{"line":16,"column":4},"end":{"line":16,"column":61}},"8":{"start":{"line":20,"column":18},"end":{"line":20,"column":null}},"9":{"start":{"line":20,"column":8},"end":{"line":20,"column":null}},"10":{"start":{"line":24,"column":8},"end":{"line":28,"column":4}},"11":{"start":{"line":31,"column":8},"end":{"line":35,"column":4}},"12":{"start":{"line":38,"column":2},"end":{"line":38,"column":49}},"13":{"start":{"line":11,"column":0},"end":{"line":11,"column":22}},"14":{"start":{"line":43,"column":8},"end":{"line":43,"column":37}},"15":{"start":{"line":45,"column":19},"end":{"line":45,"column":null}},"16":{"start":{"line":45,"column":8},"end":{"line":45,"column":null}},"17":{"start":{"line":47,"column":2},"end":{"line":47,"column":28}},"18":{"start":{"line":41,"column":0},"end":{"line":41,"column":22}},"19":{"start":{"line":51,"column":8},"end":{"line":51,"column":44}},"20":{"start":{"line":53,"column":2},"end":{"line":53,"column":60}},"21":{"start":{"line":55,"column":2},"end":{"line":58,"column":5}},"22":{"start":{"line":50,"column":0},"end":{"line":50,"column":22}}},"fnMap":{"0":{"name":"createUserSessionHandler","decl":{"start":{"line":11,"column":22},"end":{"line":11,"column":46}},"loc":{"start":{"line":11,"column":74},"end":{"line":39,"column":null}}},"1":{"name":"getUserSessionsHandler","decl":{"start":{"line":41,"column":22},"end":{"line":41,"column":44}},"loc":{"start":{"line":41,"column":72},"end":{"line":48,"column":null}}},"2":{"name":"deleteSessionHandler","decl":{"start":{"line":50,"column":22},"end":{"line":50,"column":42}},"loc":{"start":{"line":50,"column":70},"end":{"line":59,"column":null}}}},"branchMap":{"0":{"loc":{"start":{"line":13,"column":15},"end":{"line":13,"column":null}},"type":"switch","locations":[{"start":{"line":13,"column":15},"end":{"line":13,"column":null}}]},"1":{"loc":{"start":{"line":15,"column":2},"end":{"line":17,"column":null}},"type":"if","locations":[{"start":{"line":15,"column":2},"end":{"line":17,"column":null}}]},"2":{"loc":{"start":{"line":20,"column":48},"end":{"line":20,"column":75}},"type":"binary-expr","locations":[{"start":{"line":20,"column":48},"end":{"line":20,"column":69}},{"start":{"line":20,"column":73},"end":{"line":20,"column":75}}]}},"s":{"0":1,"1":1,"2":1,"3":1,"4":1,"5":1,"6":1,"7":0,"8":1,"9":1,"10":1,"11":1,"12":1,"13":1,"14":0,"15":0,"16":0,"17":0,"18":1,"19":0,"20":0,"21":0,"22":1},"f":{"0":1,"1":0,"2":0},"b":{"0":[1],"1":[0],"2":[1,0]}}
,"/Users/mathewuy/Programming/ProgramProjects/Node_2023/Node_Interview/src/routes/user.routes.ts": {"path":"/Users/mathewuy/Programming/ProgramProjects/Node_2023/Node_Interview/src/routes/user.routes.ts","statementMap":{"0":{"start":{"line":1,"column":0},"end":{"line":1,"column":33}},"1":{"start":{"line":2,"column":0},"end":{"line":2,"column":62}},"2":{"start":{"line":3,"column":0},"end":{"line":3,"column":57}},"3":{"start":{"line":4,"column":0},"end":{"line":4,"column":66}},"4":{"start":{"line":6,"column":27},"end":{"line":6,"column":35}},"5":{"start":{"line":7,"column":0},"end":{"line":9,"column":63}},"6":{"start":{"line":11,"column":0},"end":{"line":11,"column":26}}},"fnMap":{},"branchMap":{},"s":{"0":1,"1":1,"2":1,"3":1,"4":1,"5":1,"6":1},"f":{},"b":{}}
,"/Users/mathewuy/Programming/ProgramProjects/Node_2023/Node_Interview/src/service/session.service.ts": {"path":"/Users/mathewuy/Programming/ProgramProjects/Node_2023/Node_Interview/src/service/session.service.ts","statementMap":{"0":{"start":{"line":1,"column":0},"end":{"line":1,"column":29}},"1":{"start":{"line":2,"column":0},"end":{"line":2,"column":28}},"2":{"start":{"line":4,"column":0},"end":{"line":4,"column":72}},"3":{"start":{"line":5,"column":0},"end":{"line":5,"column":56}},"4":{"start":{"line":6,"column":0},"end":{"line":6,"column":42}},"5":{"start":{"line":9,"column":18},"end":{"line":9,"column":null}},"6":{"start":{"line":9,"column":8},"end":{"line":9,"column":null}},"7":{"start":{"line":11,"column":2},"end":{"line":11,"column":26}},"8":{"start":{"line":8,"column":0},"end":{"line":8,"column":22}},"9":{"start":{"line":15,"column":2},"end":{"line":15,"column":41}},"10":{"start":{"line":14,"column":0},"end":{"line":14,"column":22}},"11":{"start":{"line":22,"column":2},"end":{"line":22,"column":47}},"12":{"start":{"line":18,"column":0},"end":{"line":18,"column":22}},"13":{"start":{"line":26,"column":14},"end":{"line":26,"column":null}},"14":{"start":{"line":30,"column":10},"end":{"line":30,"column":22}},"15":{"start":{"line":32,"column":2},"end":{"line":32,"column":57}},"16":{"start":{"line":32,"column":44},"end":{"line":32,"column":57}},"17":{"start":{"line":34,"column":18},"end":{"line":34,"column":null}},"18":{"start":{"line":34,"column":8},"end":{"line":34,"column":null}},"19":{"start":{"line":36,"column":2},"end":{"line":36,"column":47}},"20":{"start":{"line":36,"column":34},"end":{"line":36,"column":47}},"21":{"start":{"line":38,"column":15},"end":{"line":38,"column":null}},"22":{"start":{"line":38,"column":8},"end":{"line":38,"column":null}},"23":{"start":{"line":40,"column":2},"end":{"line":40,"column":26}},"24":{"start":{"line":40,"column":13},"end":{"line":40,"column":26}},"25":{"start":{"line":42,"column":8},"end":{"line":46,"column":4}},"26":{"start":{"line":48,"column":2},"end":{"line":48,"column":21}},"27":{"start":{"line":25,"column":0},"end":{"line":25,"column":22}}},"fnMap":{"0":{"name":"createSession","decl":{"start":{"line":8,"column":22},"end":{"line":8,"column":35}},"loc":{"start":{"line":8,"column":69},"end":{"line":12,"column":null}}},"1":{"name":"findSessions","decl":{"start":{"line":14,"column":22},"end":{"line":14,"column":34}},"loc":{"start":{"line":14,"column":70},"end":{"line":16,"column":null}}},"2":{"name":"updateSession","decl":{"start":{"line":18,"column":22},"end":{"line":18,"column":35}},"loc":{"start":{"line":20,"column":38},"end":{"line":23,"column":null}}},"3":{"name":"reIssueAccessToken","decl":{"start":{"line":25,"column":22},"end":{"line":25,"column":40}},"loc":{"start":{"line":29,"column":1},"end":{"line":49,"column":null}}}},"branchMap":{"0":{"loc":{"start":{"line":9,"column":18},"end":{"line":9,"column":null}},"type":"switch","locations":[{"start":{"line":9,"column":18},"end":{"line":9,"column":null}}]},"1":{"loc":{"start":{"line":32,"column":2},"end":{"line":32,"column":57}},"type":"if","locations":[{"start":{"line":32,"column":2},"end":{"line":32,"column":57}}]},"2":{"loc":{"start":{"line":32,"column":6},"end":{"line":32,"column":42}},"type":"binary-expr","locations":[{"start":{"line":32,"column":6},"end":{"line":32,"column":14}},{"start":{"line":32,"column":18},"end":{"line":32,"column":42}}]},"3":{"loc":{"start":{"line":36,"column":2},"end":{"line":36,"column":47}},"type":"if","locations":[{"start":{"line":36,"column":2},"end":{"line":36,"column":47}}]},"4":{"loc":{"start":{"line":36,"column":6},"end":{"line":36,"column":32}},"type":"binary-expr","locations":[{"start":{"line":36,"column":6},"end":{"line":36,"column":14}},{"start":{"line":36,"column":18},"end":{"line":36,"column":32}}]},"5":{"loc":{"start":{"line":40,"column":2},"end":{"line":40,"column":26}},"type":"if","locations":[{"start":{"line":40,"column":2},"end":{"line":40,"column":26}}]}},"s":{"0":1,"1":1,"2":1,"3":1,"4":1,"5":0,"6":0,"7":0,"8":1,"9":0,"10":1,"11":0,"12":1,"13":0,"14":0,"15":0,"16":0,"17":0,"18":0,"19":0,"20":0,"21":0,"22":0,"23":0,"24":0,"25":0,"26":0,"27":1},"f":{"0":0,"1":0,"2":0,"3":0},"b":{"0":[0],"1":[0],"2":[0,0],"3":[0],"4":[0,0],"5":[0]}}
,"/Users/mathewuy/Programming/ProgramProjects/Node_2023/Node_Interview/src/service/user.service.ts": {"path":"/Users/mathewuy/Programming/ProgramProjects/Node_2023/Node_Interview/src/service/user.service.ts","statementMap":{"0":{"start":{"line":2,"column":0},"end":{"line":2,"column":30}},"1":{"start":{"line":3,"column":0},"end":{"line":3,"column":74}},"2":{"start":{"line":7,"column":17},"end":{"line":7,"column":null}},"3":{"start":{"line":7,"column":10},"end":{"line":7,"column":null}},"4":{"start":{"line":9,"column":4},"end":{"line":9,"column":43}},"5":{"start":{"line":11,"column":4},"end":{"line":11,"column":23}},"6":{"start":{"line":5,"column":0},"end":{"line":5,"column":22}},"7":{"start":{"line":16,"column":7},"end":{"line":16,"column":null}},"8":{"start":{"line":17,"column":10},"end":{"line":17,"column":null}},"9":{"start":{"line":22,"column":15},"end":{"line":22,"column":null}},"10":{"start":{"line":22,"column":8},"end":{"line":22,"column":null}},"11":{"start":{"line":24,"column":2},"end":{"line":26,"column":null}},"12":{"start":{"line":25,"column":4},"end":{"line":25,"column":17}},"13":{"start":{"line":28,"column":18},"end":{"line":28,"column":null}},"14":{"start":{"line":28,"column":8},"end":{"line":28,"column":null}},"15":{"start":{"line":30,"column":2},"end":{"line":30,"column":29}},"16":{"start":{"line":30,"column":16},"end":{"line":30,"column":29}},"17":{"start":{"line":32,"column":2},"end":{"line":32,"column":41}},"18":{"start":{"line":15,"column":0},"end":{"line":15,"column":22}},"19":{"start":{"line":36,"column":2},"end":{"line":36,"column":41}},"20":{"start":{"line":35,"column":0},"end":{"line":35,"column":22}}},"fnMap":{"0":{"name":"createUser","decl":{"start":{"line":5,"column":22},"end":{"line":5,"column":32}},"loc":{"start":{"line":5,"column":49},"end":{"line":13,"column":null}}},"1":{"name":"validatePassword","decl":{"start":{"line":15,"column":22},"end":{"line":15,"column":38}},"loc":{"start":{"line":21,"column":1},"end":{"line":33,"column":null}}},"2":{"name":"findUser","decl":{"start":{"line":35,"column":22},"end":{"line":35,"column":30}},"loc":{"start":{"line":35,"column":63},"end":{"line":37,"column":null}}}},"branchMap":{"0":{"loc":{"start":{"line":22,"column":15},"end":{"line":22,"column":null}},"type":"switch","locations":[{"start":{"line":22,"column":15},"end":{"line":22,"column":null}}]},"1":{"loc":{"start":{"line":24,"column":2},"end":{"line":26,"column":null}},"type":"if","locations":[{"start":{"line":24,"column":2},"end":{"line":26,"column":null}}]},"2":{"loc":{"start":{"line":30,"column":2},"end":{"line":30,"column":29}},"type":"if","locations":[{"start":{"line":30,"column":2},"end":{"line":30,"column":29}}]}},"s":{"0":1,"1":1,"2":0,"3":0,"4":0,"5":0,"6":1,"7":0,"8":0,"9":0,"10":0,"11":0,"12":0,"13":0,"14":0,"15":0,"16":0,"17":0,"18":1,"19":0,"20":1},"f":{"0":0,"1":0,"2":0},"b":{"0":[0],"1":[0],"2":[0]}}
}
