TN:
SF:config/test.ts
FNF:0
FNH:0
DA:1,1
LF:1
LH:1
BRF:0
BRH:0
end_of_record
TN:
SF:src/routesDocs.ts
FN:6,routesDocs
FN:27,(anonymous_2)
FNF:2
FNH:1
FNDA:1,routesDocs
FNDA:0,(anonymous_2)
DA:2,1
DA:3,1
DA:4,1
DA:27,1
DA:29,1
DA:31,1
DA:32,1
DA:35,1
LF:8
LH:8
BRF:0
BRH:0
end_of_record
TN:
SF:src/server.ts
FN:5,server
FNF:1
FNH:1
FNDA:1,server
DA:1,1
DA:2,1
DA:3,1
DA:6,1
DA:7,1
DA:9,1
DA:10,1
DA:12,1
DA:15,1
LF:9
LH:9
BRF:0
BRH:0
end_of_record
TN:
SF:src/controller/session.controller.ts
FN:11,createUserSessionHandler
FN:41,getUserSessionsHandler
FN:50,deleteSessionHandler
FNF:3
FNH:1
FNDA:1,createUserSessionHandler
FNDA:0,getUserSessionsHandler
FNDA:0,deleteSessionHandler
DA:2,1
DA:3,1
DA:8,1
DA:9,1
DA:11,1
DA:13,1
DA:15,1
DA:16,0
DA:20,1
DA:24,1
DA:31,1
DA:38,1
DA:41,1
DA:43,0
DA:45,0
DA:47,0
DA:50,1
DA:51,0
DA:53,0
DA:55,0
LF:20
LH:13
BRDA:13,0,0,1
BRDA:15,1,0,0
BRDA:20,2,0,1
BRDA:20,2,1,0
BRF:4
BRH:2
end_of_record
TN:
SF:src/routes/user.routes.ts
FNF:0
FNH:0
DA:1,1
DA:2,1
DA:3,1
DA:4,1
DA:6,1
DA:7,1
DA:11,1
LF:7
LH:7
BRF:0
BRH:0
end_of_record
TN:
SF:src/service/session.service.ts
FN:8,createSession
FN:14,findSessions
FN:18,updateSession
FN:25,reIssueAccessToken
FNF:4
FNH:0
FNDA:0,createSession
FNDA:0,findSessions
FNDA:0,updateSession
FNDA:0,reIssueAccessToken
DA:1,1
DA:2,1
DA:4,1
DA:5,1
DA:6,1
DA:8,1
DA:9,0
DA:11,0
DA:14,1
DA:15,0
DA:18,1
DA:22,0
DA:25,1
DA:26,0
DA:30,0
DA:32,0
DA:34,0
DA:36,0
DA:38,0
DA:40,0
DA:42,0
DA:48,0
LF:22
LH:9
BRDA:9,0,0,0
BRDA:32,1,0,0
BRDA:32,2,0,0
BRDA:32,2,1,0
BRDA:36,3,0,0
BRDA:36,4,0,0
BRDA:36,4,1,0
BRDA:40,5,0,0
BRF:8
BRH:0
end_of_record
TN:
SF:src/service/user.service.ts
FN:5,createUser
FN:15,validatePassword
FN:35,findUser
FNF:3
FNH:0
FNDA:0,createUser
FNDA:0,validatePassword
FNDA:0,findUser
DA:2,1
DA:3,1
DA:5,1
DA:7,0
DA:9,0
DA:11,0
DA:15,1
DA:16,0
DA:17,0
DA:22,0
DA:24,0
DA:25,0
DA:28,0
DA:30,0
DA:32,0
DA:35,1
DA:36,0
LF:17
LH:5
BRDA:22,0,0,0
BRDA:24,1,0,0
BRDA:30,2,0,0
BRF:3
BRH:0
end_of_record
